{"C:\\Users\\Prashant\\Documents\\Network Based Application Development\\Week10\\jest-test\\cloneArray.js": {"path":"C:\\Users\\Prashant\\Documents\\Network Based Application Development\\Week10\\jest-test\\cloneArray.js","statementMap":{"0":{"start":{"line":2,"column":4},"end":{"line":2,"column":20}},"1":{"start":{"line":5,"column":0},"end":{"line":5,"column":28}}},"fnMap":{"0":{"name":"cloneArray","decl":{"start":{"line":1,"column":9},"end":{"line":1,"column":19}},"loc":{"start":{"line":1,"column":25},"end":{"line":3,"column":1}},"line":1}},"branchMap":{},"s":{"0":2,"1":1},"f":{"0":2},"b":{},"_coverageSchema":"1a1c01bbd47fc00a2c39e90264f33305004495a9","hash":"770c1e78999c70e5c3e71172338ebbbc71c76c97"}
,"C:\\Users\\Prashant\\Documents\\Network Based Application Development\\Week10\\jest-test\\parenthesisValidator.js": {"path":"C:\\Users\\Prashant\\Documents\\Network Based Application Development\\Week10\\jest-test\\parenthesisValidator.js","statementMap":{"0":{"start":{"line":7,"column":14},"end":{"line":17,"column":1}},"1":{"start":{"line":8,"column":15},"end":{"line":8,"column":42}},"2":{"start":{"line":8,"column":56},"end":{"line":8,"column":58}},"3":{"start":{"line":9,"column":4},"end":{"line":15,"column":5}},"4":{"start":{"line":9,"column":17},"end":{"line":9,"column":18}},"5":{"start":{"line":10,"column":8},"end":{"line":14,"column":9}},"6":{"start":{"line":11,"column":12},"end":{"line":11,"column":28}},"7":{"start":{"line":13,"column":12},"end":{"line":13,"column":33}},"8":{"start":{"line":16,"column":4},"end":{"line":16,"column":31}},"9":{"start":{"line":19,"column":0},"end":{"line":19,"column":25}}},"fnMap":{"0":{"name":"(anonymous_0)","decl":{"start":{"line":7,"column":14},"end":{"line":7,"column":15}},"loc":{"start":{"line":7,"column":26},"end":{"line":17,"column":1}},"line":7}},"branchMap":{"0":{"loc":{"start":{"line":10,"column":8},"end":{"line":14,"column":9}},"type":"if","locations":[{"start":{"line":10,"column":8},"end":{"line":14,"column":9}},{"start":{"line":10,"column":8},"end":{"line":14,"column":9}}],"line":10}},"s":{"0":1,"1":2,"2":2,"3":2,"4":2,"5":13,"6":4,"7":9,"8":2,"9":1},"f":{"0":2},"b":{"0":[4,9]},"_coverageSchema":"1a1c01bbd47fc00a2c39e90264f33305004495a9","hash":"77944572ecf9c79c4991def33f176e2800db13cc"}
,"C:\\Users\\Prashant\\Documents\\Network Based Application Development\\Week10\\jest-test\\substract.js": {"path":"C:\\Users\\Prashant\\Documents\\Network Based Application Development\\Week10\\jest-test\\substract.js","statementMap":{"0":{"start":{"line":2,"column":4},"end":{"line":2,"column":17}},"1":{"start":{"line":5,"column":0},"end":{"line":5,"column":26}}},"fnMap":{"0":{"name":"subtract","decl":{"start":{"line":1,"column":9},"end":{"line":1,"column":17}},"loc":{"start":{"line":1,"column":24},"end":{"line":3,"column":1}},"line":1}},"branchMap":{},"s":{"0":1,"1":1},"f":{"0":1},"b":{},"_coverageSchema":"1a1c01bbd47fc00a2c39e90264f33305004495a9","hash":"06406771a795079bfcac11c1e7ee373bf47e6383"}
,"C:\\Users\\Prashant\\Documents\\Network Based Application Development\\Week10\\jest-test\\sum.js": {"path":"C:\\Users\\Prashant\\Documents\\Network Based Application Development\\Week10\\jest-test\\sum.js","statementMap":{"0":{"start":{"line":2,"column":4},"end":{"line":2,"column":15}},"1":{"start":{"line":5,"column":0},"end":{"line":5,"column":21}}},"fnMap":{"0":{"name":"sum","decl":{"start":{"line":1,"column":9},"end":{"line":1,"column":12}},"loc":{"start":{"line":1,"column":19},"end":{"line":3,"column":1}},"line":1}},"branchMap":{},"s":{"0":1,"1":1},"f":{"0":1},"b":{},"_coverageSchema":"1a1c01bbd47fc00a2c39e90264f33305004495a9","hash":"7246d47f6210c528bbddbbdf1990849759008997"}
}
